<?xml version="1.0" encoding="UTF-8"?>
<testng-results ignored="0" total="1" passed="1" failed="0" skipped="0">
  <reporter-output>
  </reporter-output>
  <suite started-at="2023-08-29T22:36:33 IST" name="Default suite" finished-at="2023-08-29T22:36:51 IST" duration-ms="17607">
    <groups>
    </groups>
    <test started-at="2023-08-29T22:36:33 IST" name="Default test" finished-at="2023-08-29T22:36:51 IST" duration-ms="17607">
      <class name="test.LoginTest">
        <test-method is-config="true" signature="Setup()[pri:0, instance:test.LoginTest@63376bed]" started-at="2023-08-29T22:36:33 IST" name="Setup" finished-at="2023-08-29T22:36:43 IST" duration-ms="9385" status="PASS">
          <reporter-output>
          </reporter-output>
        </test-method> <!-- Setup -->
        <test-method signature="registerwithmanadatoryfield()[pri:0, instance:test.LoginTest@63376bed]" started-at="2023-08-29T22:36:43 IST" name="registerwithmanadatoryfield" finished-at="2023-08-29T22:36:46 IST" duration-ms="2945" status="PASS">
          <reporter-output>
          </reporter-output>
        </test-method> <!-- registerwithmanadatoryfield -->
        <test-method is-config="true" signature="TearDown()[pri:0, instance:test.LoginTest@63376bed]" started-at="2023-08-29T22:36:46 IST" name="TearDown" finished-at="2023-08-29T22:36:51 IST" duration-ms="5223" status="PASS">
          <reporter-output>
          </reporter-output>
        </test-method> <!-- TearDown -->
      </class> <!-- test.LoginTest -->
    </test> <!-- Default test -->
  </suite> <!-- Default suite -->
</testng-results>
